0 silly argv { _: [ 'bootstrap' ], lernaVersion: '3.16.4', '$0': 'lerna' }
1 notice cli v3.16.4
2 verbose rootPath /Users/ewidlund/Documents/Projects/wire
3 silly batched [ PackageGraphNode {
3 silly batched     name: 'wire-core',
3 silly batched     externalDependencies:
3 silly batched      Map {
3 silly batched        '@types/lodash' => [Object],
3 silly batched        '@types/serialize-javascript' => [Object],
3 silly batched        '@types/uuid' => [Object],
3 silly batched        'husky' => [Object],
3 silly batched        'mobx' => [Object],
3 silly batched        'typescript' => [Object],
3 silly batched        'lodash' => [Object],
3 silly batched        'serialize-javascript' => [Object],
3 silly batched        'undefined' => [Object],
3 silly batched        'uuid' => [Object] },
3 silly batched     localDependencies: Map {},
3 silly batched     localDependents: Map { 'wire-nodes' => [PackageGraphNode] } } ]
4 silly batched [ PackageGraphNode {
4 silly batched     name: 'wire-nodes',
4 silly batched     externalDependencies: Map { 'lodash' => [Object] },
4 silly batched     localDependencies: Map {},
4 silly batched     localDependents: Map {} } ]
5 silly npmConfig { registry: undefined,
5 silly npmConfig   npmClient: 'npm',
5 silly npmConfig   npmClientArgs: [],
5 silly npmConfig   mutex: undefined }
6 info Bootstrapping 2 packages
7 verbose lifecycle preinstall
8 silly lifecycle No script for "preinstall" in "wire-core", continuing
9 silly lifecycle No script for "preinstall" in "wire-nodes", continuing
10 silly hasDependencyInstalled wire-core typescript
11 silly hasDependencyInstalled wire-core @types/lodash
12 silly hasDependencyInstalled wire-core @types/serialize-javascript
13 silly hasDependencyInstalled wire-core @types/uuid
14 silly hasDependencyInstalled wire-core husky
15 silly hasDependencyInstalled wire-core mobx
16 silly hasDependencyInstalled wire-core lodash
17 silly hasDependencyInstalled wire-nodes lodash
18 silly hasDependencyInstalled wire-core serialize-javascript
19 silly hasDependencyInstalled wire-core undefined
20 silly hasDependencyInstalled wire-core uuid
21 silly root dependencies {}
22 silly leaf dependencies {}
23 info Installing external dependencies
24 verbose actions 1 actions, concurrency 12
25 silly npmInstallDependencies wire-core [ 'typescript@^3.5.3',
25 silly npmInstallDependencies   '@types/lodash@^4.14.136',
25 silly npmInstallDependencies   '@types/serialize-javascript@^1.5.0',
25 silly npmInstallDependencies   '@types/uuid@^3.4.5',
25 silly npmInstallDependencies   'husky@^3.0.3',
25 silly npmInstallDependencies   'mobx@^5.13.0',
25 silly npmInstallDependencies   'lodash@^4.17.15',
25 silly npmInstallDependencies   'serialize-javascript@^1.7.0',
25 silly npmInstallDependencies   'undefined@/Users/ewidlund/Documents/Projects/wire/artifacts/wire-core',
25 silly npmInstallDependencies   'uuid@^3.3.2' ]
26 silly npmInstallDependencies backup /Users/ewidlund/Documents/Projects/wire/artifacts/wire-core/package.json
27 silly npmInstallDependencies writing tempJson { name: 'wire-core',
27 silly npmInstallDependencies   version: '0.0.1',
27 silly npmInstallDependencies   main: 'build/index.js',
27 silly npmInstallDependencies   author: 'Emil Widlund',
27 silly npmInstallDependencies   license: 'MIT',
27 silly npmInstallDependencies   dependencies:
27 silly npmInstallDependencies    { lodash: '^4.17.15',
27 silly npmInstallDependencies      'serialize-javascript': '^1.7.0',
27 silly npmInstallDependencies      undefined:
27 silly npmInstallDependencies       '/Users/ewidlund/Documents/Projects/wire/artifacts/wire-core',
27 silly npmInstallDependencies      uuid: '^3.3.2' },
27 silly npmInstallDependencies   devDependencies:
27 silly npmInstallDependencies    { '@types/lodash': '^4.14.136',
27 silly npmInstallDependencies      '@types/serialize-javascript': '^1.5.0',
27 silly npmInstallDependencies      '@types/uuid': '^3.4.5',
27 silly npmInstallDependencies      husky: '^3.0.3',
27 silly npmInstallDependencies      mobx: '^5.13.0',
27 silly npmInstallDependencies      typescript: '^3.5.3' },
27 silly npmInstallDependencies   peerDependencies: { mobx: '^5.13.0' },
27 silly npmInstallDependencies   husky: { hooks: { 'pre-commit': 'npm run test' } } }
28 silly getExecOpts /Users/ewidlund/Documents/Projects/wire/artifacts/wire-core undefined
29 silly npmInstall [ 'npm', [ 'install' ] ]
30 silly npmInstallDependencies cleanup /Users/ewidlund/Documents/Projects/wire/artifacts/wire-core/package.json
31 error Error: Command failed: npm install
31 error FATAL ERROR: Ineffective mark-compacts near heap limit Allocation failed - JavaScript heap out of memory
31 error  1: 0x10003c597 node::Abort() [/usr/local/bin/node]
31 error  2: 0x10003c7a1 node::OnFatalError(char const*, char const*) [/usr/local/bin/node]
31 error  3: 0x1001ad575 v8::internal::V8::FatalProcessOutOfMemory(v8::internal::Isolate*, char const*, bool) [/usr/local/bin/node]
31 error  4: 0x100579242 v8::internal::Heap::FatalProcessOutOfMemory(char const*) [/usr/local/bin/node]
31 error  5: 0x10057bd15 v8::internal::Heap::CheckIneffectiveMarkCompact(unsigned long, double) [/usr/local/bin/node]
31 error  6: 0x100577bbf v8::internal::Heap::PerformGarbageCollection(v8::internal::GarbageCollector, v8::GCCallbackFlags) [/usr/local/bin/node]
31 error  7: 0x100575d94 v8::internal::Heap::CollectGarbage(v8::internal::AllocationSpace, v8::internal::GarbageCollectionReason, v8::GCCallbackFlags) [/usr/local/bin/node]
31 error  8: 0x10058262c v8::internal::Heap::AllocateRawWithLigthRetry(int, v8::internal::AllocationSpace, v8::internal::AllocationAlignment) [/usr/local/bin/node]
31 error  9: 0x1005826af v8::internal::Heap::AllocateRawWithRetryOrFail(int, v8::internal::AllocationSpace, v8::internal::AllocationAlignment) [/usr/local/bin/node]
31 error 10: 0x100551ff4 v8::internal::Factory::NewFillerObject(int, bool, v8::internal::AllocationSpace) [/usr/local/bin/node]
31 error 11: 0x1007da044 v8::internal::Runtime_AllocateInNewSpace(int, v8::internal::Object**, v8::internal::Isolate*) [/usr/local/bin/node]
31 error 12: 0x2b5c01f5be3d
31 error 13: 0x2b5c024862d7
31 error 14: 0x2b5c01f118d5
31 error
31 error <--- Last few GCs --->
31 error
31 error [5206:0x110000000]    72610 ms: Scavenge 1275.7 (1438.2) -> 1263.3 (1439.7) MB, 3.6 / 0.0 ms  (average mu = 0.282, current mu = 0.153) allocation failure
31 error [5206:0x110000000]    72653 ms: Scavenge 1277.1 (1439.7) -> 1266.2 (1441.7) MB, 4.0 / 0.0 ms  (average mu = 0.282, current mu = 0.153) allocation failure
31 error [5206:0x110000000]    72974 ms: Mark-sweep 1279.1 (1441.7) -> 1264.0 (1440.7) MB, 280.8 / 0.0 ms  (average mu = 0.362, current mu = 0.428) allocation failure scavenge might not succeed
31 error
31 error
31 error <--- JS stacktrace --->
31 error
31 error ==== JS stack trace =========================================
31 error
31 error     0: ExitFrame [pc: 0x2b5c01f5be3d]
31 error     1: StubFrame [pc: 0x2b5c024862d7]
31 error Security context: 0x0b4c2831e6e9 <JSObject>
31 error     2: /* anonymous */ [0xb4c1a03f279] [internal/fs/utils.js:280] [bytecode=0xb4c7975d829 offset=83](this=0x0b4c3cd17511 <Stats map = 0xb4c1158dbf9>,property=40960)
31 error     3: /* anonymous */ [0xb4c1a03f3b9] [internal/fs/utils.js:300] [bytecode=0xb4c96b6ccb1 offset=13](this=0x0b4c3cd17511 <Stats map = 0xb4c1158dbf9>)
31 error     4: ...
31 error
31 error
31 error     at makeError (/Users/ewidlund/Documents/Projects/wire/node_modules/execa/index.js:174:9)
31 error     at Promise.all.then.arr (/Users/ewidlund/Documents/Projects/wire/node_modules/execa/index.js:278:16)
